<?xml version="1.0" encoding="utf-8"?>
<shfbBuild product="Sandcastle Help File Builder Utilities" version="1.9.1.0" projectFile="C:\dev\github\rhinocommon\helpdocs.shfbproj" started="12/27/2010 3:42:01 PM">
<buildStep step="Initializing">
</buildStep>
<buildStep step="FindingTools">
Finding tools...
Found Sandcastle tools in 'C:\Program Files (x86)\Sandcastle\'
Searching for HTML Help 1 compiler...
Found HTML Help 1 compiler in 'C:\Program Files (x86)\HTML Help Workshop\'
</buildStep>
<buildStep step="ValidatingDocumentationSources">
Validating and copying documentation source information
Source: C:\dev\github\rhinocommon\dotnet\Debug\RhinoCommon.dll
SHFB: Warning BE0006: Unable to location any documentation sources for 'C:\dev\github\rhinocommon\dotnet\Debug\RhinoCommon.dll'
Source: C:\dev\github\rhinocommon\dotnet\Debug\RhinoCommon.xml
SHFB: Warning BE0006: Unable to location any documentation sources for 'C:\dev\github\rhinocommon\dotnet\Debug\RhinoCommon.xml'
    Last step completed in 00:00:00.0150
</buildStep>
<buildStep step="Failed">

SHFB: Error BE0042: You must specify at least one documentation source in the form of an assembly or a Visual Studio solution/project file

</buildStep>
</shfbBuild>
